<?xml version="1.0" encoding="UTF-8"?>
<!-- Generated by org.testng.reporters.JUnitReportReporter -->
<testsuite hostname="RG-LAP-001049" failures="0" tests="3" name="simpleformdemo.SimpleFormDemo" time="17.620" errors="0" timestamp="2025-04-04T17:24:10 IST" skipped="0">
  <testcase classname="simpleformdemo.SimpleFormDemo" name="chromeBrowser" time="6.897"/>
  <testcase classname="simpleformdemo.SimpleFormDemo" name="firefoxBrowser" time="5.175"/>
  <testcase classname="simpleformdemo.SimpleFormDemo" name="edgeBrowser" time="5.548"/>
</testsuite> <!-- simpleformdemo.SimpleFormDemo -->
