<?xml version="1.0" encoding="UTF-8"?>
<!-- Generated by org.testng.reporters.JUnitReportReporter -->
<testsuite hostname="RG-LAP-001049" failures="0" tests="3" name="DragAndDropSlider.DragAndDrop" time="26.441" errors="0" timestamp="2025-04-04T17:58:41 IST" skipped="0">
  <testcase classname="DragAndDropSlider.DragAndDrop" name="chromeBrowser" time="11.177"/>
  <testcase classname="DragAndDropSlider.DragAndDrop" name="firefoxBrowser" time="7.374"/>
  <testcase classname="DragAndDropSlider.DragAndDrop" name="EdgeBrowser" time="7.890"/>
</testsuite> <!-- DragAndDropSlider.DragAndDrop -->
